<?xml version="1.0" encoding="UTF-8"?>
<testsuite xmlns:xsi="http://www.w3.org/2001/XMLSchema-instance" xsi:noNamespaceSchemaLocation="https://maven.apache.org/surefire/maven-surefire-plugin/xsd/surefire-test-report-3.0.xsd" version="3.0" name="br.com.automacao.MarketTest" time="7.855" tests="24" errors="0" skipped="0" failures="0">
  <properties>
[...]
</properties>
  <testcase name="Cria_Usuário" classname="br.com.automacao.MarketTest" time="5.117">
    <system-err><![CDATA[SLF4J: Failed to load class "org.slf4j.impl.StaticLoggerBinder".
SLF4J: Defaulting to no-operation (NOP) logger implementation
SLF4J: See http://www.slf4j.org/codes.html#StaticLoggerBinder for further details.
]]></system-err>
  </testcase>
  <testcase name="Busca_Usuario_Lista" classname="br.com.automacao.MarketTest" time="0.126"/>
  <testcase name="Busca_Usuario_ID" classname="br.com.automacao.MarketTest" time="0.087"/>
  <testcase name="Atlz_Usuário" classname="br.com.automacao.MarketTest" time="0.803"/>
  <testcase name="Atlz_Parc_Usuario" classname="br.com.automacao.MarketTest" time="0.052"/>
  <testcase name="Cria_Produto" classname="br.com.automacao.MarketTest" time="0.08"/>
  <testcase name="Busca_Produto_Lista" classname="br.com.automacao.MarketTest" time="0.063"/>
  <testcase name="Busca_Produto_ID" classname="br.com.automacao.MarketTest" time="0.052"/>
  <testcase name="Atlz_Produto" classname="br.com.automacao.MarketTest" time="0.056"/>
  <testcase name="Atlz_Parc_Produto" classname="br.com.automacao.MarketTest" time="0.059"/>
  <testcase name="Cria_Loja" classname="br.com.automacao.MarketTest" time="0.153"/>
  <testcase name="Busca_Loja_Lista" classname="br.com.automacao.MarketTest" time="0.102"/>
  <testcase name="Busca_Loja_ID" classname="br.com.automacao.MarketTest" time="0.068"/>
  <testcase name="Atlz_Loja" classname="br.com.automacao.MarketTest" time="0.073"/>
  <testcase name="Atlz_Parc_Loja" classname="br.com.automacao.MarketTest" time="0.053"/>
  <testcase name="Cria_Lista" classname="br.com.automacao.MarketTest" time="0.097"/>
  <testcase name="Busca_Lista" classname="br.com.automacao.MarketTest" time="0.082"/>
  <testcase name="Busca_Lista_ID" classname="br.com.automacao.MarketTest" time="0.062"/>
  <testcase name="Atlz_Lista" classname="br.com.automacao.MarketTest" time="0.075"/>
  <testcase name="Atlz_Parc_Lista" classname="br.com.automacao.MarketTest" time="0.063"/>
  <testcase name="Deleta_Lista" classname="br.com.automacao.MarketTest" time="0.059"/>
  <testcase name="Deleta_Loja" classname="br.com.automacao.MarketTest" time="0.06"/>
  <testcase name="Deleta_Produto" classname="br.com.automacao.MarketTest" time="0.049"/>
  <testcase name="Deleta_Usuario" classname="br.com.automacao.MarketTest" time="0.078"/>
</testsuite>