<?xml version="1.0" encoding="UTF-8"?>
<testsuite xmlns:xsi="http://www.w3.org/2001/XMLSchema-instance" xsi:noNamespaceSchemaLocation="https://maven.apache.org/surefire/maven-surefire-plugin/xsd/surefire-test-report-3.0.xsd" version="3.0" name="br.com.automacao.ServeRestTest" time="17.863" tests="14" errors="0" skipped="0" failures="0">
  <properties>
[...]
</properties>
  <testcase name="Cria_Usuário" classname="br.com.automacao.ServeRestTest" time="8.299">
    <system-err><![CDATA[SLF4J: Failed to load class "org.slf4j.impl.StaticLoggerBinder".
SLF4J: Defaulting to no-operation (NOP) logger implementation
SLF4J: See http://www.slf4j.org/codes.html#StaticLoggerBinder for further details.
]]></system-err>
  </testcase>
  <testcase name="Busca_Usuario_Lista" classname="br.com.automacao.ServeRestTest" time="0.678"/>
  <testcase name="Busca_Usuario_ID" classname="br.com.automacao.ServeRestTest" time="0.783"/>
  <testcase name="Atlz_Usuário" classname="br.com.automacao.ServeRestTest" time="0.658"/>
  <testcase name="Login_Usuario" classname="br.com.automacao.ServeRestTest" time="2.111"/>
  <testcase name="Cria_Produto" classname="br.com.automacao.ServeRestTest" time="0.503"/>
  <testcase name="Busca_Produto_Lista" classname="br.com.automacao.ServeRestTest" time="0.442"/>
  <testcase name="Busca_Produto_ID" classname="br.com.automacao.ServeRestTest" time="0.529"/>
  <testcase name="Cria_Carrinho" classname="br.com.automacao.ServeRestTest" time="0.715"/>
  <testcase name="Busca_Carrinho_Lista" classname="br.com.automacao.ServeRestTest" time="0.595"/>
  <testcase name="Busca_Carrinho_ID" classname="br.com.automacao.ServeRestTest" time="0.6"/>
  <testcase name="Deleta_Carrinho" classname="br.com.automacao.ServeRestTest" time="0.644"/>
  <testcase name="Deleta_Produto" classname="br.com.automacao.ServeRestTest" time="0.532"/>
  <testcase name="Deleta_Usuario" classname="br.com.automacao.ServeRestTest" time="0.486"/>
</testsuite>